<?xml version="1.0" encoding="UTF-8"?>
<!-- Generated by org.testng.reporters.JUnitReportReporter -->
<testsuite hostname="The_Beast" failures="0" tests="4" name="api.test.UserTests2" time="6.405" errors="0" timestamp="2023-07-09T10:50:29 IST" skipped="0">
  <testcase classname="api.test.UserTests2" name="testPostUser" time="2.148"/>
  <testcase classname="api.test.UserTests2" name="testGetUser" time="1.101"/>
  <testcase classname="api.test.UserTests2" name="testUpdateUser" time="2.102"/>
  <testcase classname="api.test.UserTests2" name="testDeleteUser" time="1.054"/>
</testsuite> <!-- api.test.UserTests2 -->
