<?xml version="1.0" encoding="UTF-8"?>
<!-- Generated by org.testng.reporters.JUnitReportReporter -->
<testsuite hostname="The_Beast" failures="0" tests="4" name="api.test.UserTests2" time="6.811" errors="0" timestamp="2023-07-09T11:12:23 IST" skipped="0">
  <testcase classname="api.test.UserTests2" name="testPostUser" time="2.200"/>
  <testcase classname="api.test.UserTests2" name="testGetUser" time="1.074"/>
  <testcase classname="api.test.UserTests2" name="testUpdateUser" time="2.439"/>
  <testcase classname="api.test.UserTests2" name="testDeleteUser" time="1.098"/>
</testsuite> <!-- api.test.UserTests2 -->
